*** Using Compiler 'V5.06 update 6 (build 750)', folder: 'D:\Keil_v5\ARM\ARMCC\Bin'
Build target 'rm_main'
assembling startup_stm32f407xx.s...
compiling can.c...
compiling gpio.c...
compiling system_stm32f4xx.c...
compiling crc.c...
compiling dma.c...
compiling freertos.c...
compiling main.c...
compiling tim.c...
compiling usb_device.c...
compiling usbd_desc.c...
compiling stm32f4xx_it.c...
compiling usart.c...
compiling usbd_conf.c...
compiling usbd_cdc_if.c...
compiling stm32f4xx_hal_msp.c...
compiling stm32f4xx_hal_timebase_tim.c...
compiling status_task.c...
compiling modeswitch_task.c...
compiling shoot_task .c...
compiling gimbal_task.c...
..\app\gimbal_task.c(84): warning:  #177-D: variable "a"  was declared but never referenced
      int  a;
..\app\gimbal_task.c: 1 warning, 0 errors
compiling chassis_task.c...
compiling usb_task.c...
compiling test_task.c...
compiling bsp_debug.c...
compiling bsp_FricMotor.c...
compiling bsp_TriggerMotor.c...
compiling comm_task.c...
..\app\comm_task.c(80): warning:  #177-D: variable "vision_tx_buf"  was declared but never referenced
      uint8_t vision_tx_buf[8];
..\app\comm_task.c(81): warning:  #177-D: variable "a"  was declared but never referenced
      int a;
..\app\comm_task.c: 2 warnings, 0 errors
compiling judgesend_task.c...
compiling bsp_powerlimit.c...
compiling bsp_vision.c...
compiling bsp_T_imu.c...
compiling pid.c...
compiling bsp_judge.c...
compiling KalmanFilter.c...
compiling bsp_can.c...
compiling bsp_usart.c...
compiling remote_msg.c...
compiling DataScope_DP.C...
compiling CRC8_CRC16.c...
compiling stm32f4xx_hal_pcd.c...
compiling fifo.c...
compiling math_calcu.c...
compiling func_generator.c...
compiling stm32f4xx_hal_pcd_ex.c...
compiling stm32f4xx_ll_usb.c...
compiling stm32f4xx_hal_flash.c...
compiling stm32f4xx_hal_flash_ramfunc.c...
compiling stm32f4xx_hal_rcc_ex.c...
compiling stm32f4xx_hal_flash_ex.c...
compiling stm32f4xx_hal_rcc.c...
compiling stm32f4xx_hal_gpio.c...
compiling stm32f4xx_hal_dma_ex.c...
compiling stm32f4xx_hal_pwr_ex.c...
compiling stm32f4xx_hal_dma.c...
compiling stm32f4xx_hal_cortex.c...
compiling stm32f4xx_hal_pwr.c...
compiling stm32f4xx_hal_exti.c...
compiling stm32f4xx_hal.c...
compiling stm32f4xx_hal_can.c...
compiling stm32f4xx_hal_crc.c...
compiling usbd_core.c...
compiling usbd_ctlreq.c...
compiling croutine.c...
compiling stm32f4xx_hal_uart.c...
compiling stm32f4xx_hal_tim_ex.c...
compiling stm32f4xx_hal_tim.c...
compiling list.c...
compiling event_groups.c...
compiling usbd_ioreq.c...
compiling queue.c...
compiling stream_buffer.c...
compiling timers.c...
compiling tasks.c...
compiling heap_4.c...
compiling cmsis_os.c...
compiling port.c...
compiling usbd_cdc.c...
compiling packet.c...
compiling decode.c...
linking...
Program Size: Code=48742 RO-data=1730 RW-data=1136 ZI-data=36656  
FromELF: creating hex file...
".\rm_main\rm_main.axf" - 0 Error(s), 3 Warning(s).
Build Time Elapsed:  00:01:52
