!_TAG_FILE_FORMAT	2	/extended format; --format=1 will not append ;" to lines/
!_TAG_FILE_SORTED	1	/0=unsorted, 1=sorted, 2=foldcase/
!_TAG_OUTPUT_EXCMD	number	/number, pattern, mixed, or combineV2/
!_TAG_OUTPUT_FILESEP	slash	/slash or backslash/
!_TAG_OUTPUT_MODE	u-ctags	/u-ctags or e-ctags/
!_TAG_PATTERN_LENGTH_LIMIT	96	/0 for no limit/
!_TAG_PROC_CWD	b:/host/auto-gimbal/MDK-ARM/	//
!_TAG_PROGRAM_AUTHOR	Universal Ctags Team	//
!_TAG_PROGRAM_NAME	Universal Ctags	/Derived from Exuberant Ctags/
!_TAG_PROGRAM_URL	https://ctags.io/	/official site/
!_TAG_PROGRAM_VERSION	5.9.0	/f95bb349/
0	.vscode/c_cpp_properties.json	35;"	s	array:configurations.0.defines
0	.vscode/c_cpp_properties.json	3;"	o	array:configurations
0	.vscode/c_cpp_properties.json	6;"	s	array:configurations.0.includePath
0	.vscode/settings.json	20;"	s	array:images
1	.vscode/c_cpp_properties.json	36;"	s	array:configurations.0.defines
1	.vscode/c_cpp_properties.json	7;"	s	array:configurations.0.includePath
10	.vscode/c_cpp_properties.json	16;"	s	array:configurations.0.includePath
10	.vscode/c_cpp_properties.json	45;"	s	array:configurations.0.defines
11	.vscode/c_cpp_properties.json	17;"	s	array:configurations.0.includePath
11	.vscode/c_cpp_properties.json	46;"	s	array:configurations.0.defines
12	.vscode/c_cpp_properties.json	18;"	s	array:configurations.0.includePath
12	.vscode/c_cpp_properties.json	47;"	s	array:configurations.0.defines
13	.vscode/c_cpp_properties.json	19;"	s	array:configurations.0.includePath
13	.vscode/c_cpp_properties.json	48;"	s	array:configurations.0.defines
14	.vscode/c_cpp_properties.json	20;"	s	array:configurations.0.includePath
14	.vscode/c_cpp_properties.json	49;"	s	array:configurations.0.defines
15	.vscode/c_cpp_properties.json	21;"	s	array:configurations.0.includePath
15	.vscode/c_cpp_properties.json	50;"	s	array:configurations.0.defines
16	.vscode/c_cpp_properties.json	22;"	s	array:configurations.0.includePath
16	.vscode/c_cpp_properties.json	51;"	s	array:configurations.0.defines
17	.vscode/c_cpp_properties.json	23;"	s	array:configurations.0.includePath
17	.vscode/c_cpp_properties.json	52;"	s	array:configurations.0.defines
18	.vscode/c_cpp_properties.json	24;"	s	array:configurations.0.includePath
18	.vscode/c_cpp_properties.json	53;"	s	array:configurations.0.defines
19	.vscode/c_cpp_properties.json	25;"	s	array:configurations.0.includePath
19	.vscode/c_cpp_properties.json	54;"	s	array:configurations.0.defines
2	.vscode/c_cpp_properties.json	37;"	s	array:configurations.0.defines
2	.vscode/c_cpp_properties.json	8;"	s	array:configurations.0.includePath
20	.vscode/c_cpp_properties.json	26;"	s	array:configurations.0.includePath
20	.vscode/c_cpp_properties.json	55;"	s	array:configurations.0.defines
21	.vscode/c_cpp_properties.json	27;"	s	array:configurations.0.includePath
21	.vscode/c_cpp_properties.json	56;"	s	array:configurations.0.defines
22	.vscode/c_cpp_properties.json	28;"	s	array:configurations.0.includePath
22	.vscode/c_cpp_properties.json	57;"	s	array:configurations.0.defines
23	.vscode/c_cpp_properties.json	29;"	s	array:configurations.0.includePath
23	.vscode/c_cpp_properties.json	58;"	s	array:configurations.0.defines
24	.vscode/c_cpp_properties.json	30;"	s	array:configurations.0.includePath
24	.vscode/c_cpp_properties.json	59;"	s	array:configurations.0.defines
25	.vscode/c_cpp_properties.json	31;"	s	array:configurations.0.includePath
25	.vscode/c_cpp_properties.json	60;"	s	array:configurations.0.defines
26	.vscode/c_cpp_properties.json	32;"	s	array:configurations.0.includePath
26	.vscode/c_cpp_properties.json	61;"	s	array:configurations.0.defines
27	.vscode/c_cpp_properties.json	62;"	s	array:configurations.0.defines
28	.vscode/c_cpp_properties.json	63;"	s	array:configurations.0.defines
29	.vscode/c_cpp_properties.json	64;"	s	array:configurations.0.defines
3	.vscode/c_cpp_properties.json	38;"	s	array:configurations.0.defines
3	.vscode/c_cpp_properties.json	9;"	s	array:configurations.0.includePath
30	.vscode/c_cpp_properties.json	65;"	s	array:configurations.0.defines
31	.vscode/c_cpp_properties.json	66;"	s	array:configurations.0.defines
32	.vscode/c_cpp_properties.json	67;"	s	array:configurations.0.defines
33	.vscode/c_cpp_properties.json	68;"	s	array:configurations.0.defines
34	.vscode/c_cpp_properties.json	69;"	s	array:configurations.0.defines
35	.vscode/c_cpp_properties.json	70;"	s	array:configurations.0.defines
36	.vscode/c_cpp_properties.json	71;"	s	array:configurations.0.defines
37	.vscode/c_cpp_properties.json	72;"	s	array:configurations.0.defines
38	.vscode/c_cpp_properties.json	73;"	s	array:configurations.0.defines
39	.vscode/c_cpp_properties.json	74;"	s	array:configurations.0.defines
4	.vscode/c_cpp_properties.json	10;"	s	array:configurations.0.includePath
4	.vscode/c_cpp_properties.json	39;"	s	array:configurations.0.defines
40	.vscode/c_cpp_properties.json	75;"	s	array:configurations.0.defines
41	.vscode/c_cpp_properties.json	76;"	s	array:configurations.0.defines
42	.vscode/c_cpp_properties.json	77;"	s	array:configurations.0.defines
43	.vscode/c_cpp_properties.json	78;"	s	array:configurations.0.defines
44	.vscode/c_cpp_properties.json	79;"	s	array:configurations.0.defines
45	.vscode/c_cpp_properties.json	80;"	s	array:configurations.0.defines
46	.vscode/c_cpp_properties.json	81;"	s	array:configurations.0.defines
47	.vscode/c_cpp_properties.json	82;"	s	array:configurations.0.defines
48	.vscode/c_cpp_properties.json	83;"	s	array:configurations.0.defines
49	.vscode/c_cpp_properties.json	84;"	s	array:configurations.0.defines
5	.vscode/c_cpp_properties.json	11;"	s	array:configurations.0.includePath
5	.vscode/c_cpp_properties.json	40;"	s	array:configurations.0.defines
50	.vscode/c_cpp_properties.json	85;"	s	array:configurations.0.defines
51	.vscode/c_cpp_properties.json	86;"	s	array:configurations.0.defines
52	.vscode/c_cpp_properties.json	87;"	s	array:configurations.0.defines
53	.vscode/c_cpp_properties.json	88;"	s	array:configurations.0.defines
54	.vscode/c_cpp_properties.json	89;"	s	array:configurations.0.defines
55	.vscode/c_cpp_properties.json	90;"	s	array:configurations.0.defines
56	.vscode/c_cpp_properties.json	91;"	s	array:configurations.0.defines
57	.vscode/c_cpp_properties.json	92;"	s	array:configurations.0.defines
58	.vscode/c_cpp_properties.json	93;"	s	array:configurations.0.defines
59	.vscode/c_cpp_properties.json	94;"	s	array:configurations.0.defines
6	.vscode/c_cpp_properties.json	12;"	s	array:configurations.0.includePath
6	.vscode/c_cpp_properties.json	41;"	s	array:configurations.0.defines
60	.vscode/c_cpp_properties.json	95;"	s	array:configurations.0.defines
61	.vscode/c_cpp_properties.json	96;"	s	array:configurations.0.defines
62	.vscode/c_cpp_properties.json	97;"	s	array:configurations.0.defines
63	.vscode/c_cpp_properties.json	98;"	s	array:configurations.0.defines
64	.vscode/c_cpp_properties.json	99;"	s	array:configurations.0.defines
65	.vscode/c_cpp_properties.json	100;"	s	array:configurations.0.defines
66	.vscode/c_cpp_properties.json	101;"	s	array:configurations.0.defines
67	.vscode/c_cpp_properties.json	102;"	s	array:configurations.0.defines
68	.vscode/c_cpp_properties.json	103;"	s	array:configurations.0.defines
69	.vscode/c_cpp_properties.json	104;"	s	array:configurations.0.defines
7	.vscode/c_cpp_properties.json	13;"	s	array:configurations.0.includePath
7	.vscode/c_cpp_properties.json	42;"	s	array:configurations.0.defines
70	.vscode/c_cpp_properties.json	105;"	s	array:configurations.0.defines
71	.vscode/c_cpp_properties.json	106;"	s	array:configurations.0.defines
72	.vscode/c_cpp_properties.json	107;"	s	array:configurations.0.defines
73	.vscode/c_cpp_properties.json	108;"	s	array:configurations.0.defines
74	.vscode/c_cpp_properties.json	109;"	s	array:configurations.0.defines
75	.vscode/c_cpp_properties.json	110;"	s	array:configurations.0.defines
8	.vscode/c_cpp_properties.json	14;"	s	array:configurations.0.includePath
8	.vscode/c_cpp_properties.json	43;"	s	array:configurations.0.defines
9	.vscode/c_cpp_properties.json	15;"	s	array:configurations.0.includePath
9	.vscode/c_cpp_properties.json	44;"	s	array:configurations.0.defines
ADC_IRQHandler	startup_stm32f407xx.s	340;"	l
AllowCaching	JLinkSettings.ini	23;"	k	section:FLASH
AllowSimulation	JLinkSettings.ini	15;"	k	section:CPU
BPDuringExecution	JLinkSettings.ini	5;"	k	section:BREAKPOINTS
BREAKPOINTS	JLinkSettings.ini	1;"	s
BusFault_Handler	startup_stm32f407xx.s	211;"	l
CAN1_RX0_IRQHandler	startup_stm32f407xx.s	342;"	l
CAN1_RX1_IRQHandler	startup_stm32f407xx.s	343;"	l
CAN1_SCE_IRQHandler	startup_stm32f407xx.s	344;"	l
CAN1_TX_IRQHandler	startup_stm32f407xx.s	341;"	l
CAN2_RX0_IRQHandler	startup_stm32f407xx.s	386;"	l
CAN2_RX1_IRQHandler	startup_stm32f407xx.s	387;"	l
CAN2_SCE_IRQHandler	startup_stm32f407xx.s	388;"	l
CAN2_TX_IRQHandler	startup_stm32f407xx.s	385;"	l
CFI	JLinkSettings.ini	6;"	s
CFIAddr	JLinkSettings.ini	8;"	k	section:CFI
CFISize	JLinkSettings.ini	7;"	k	section:CFI
CMSIS_device_header	RTE/_rm_main/RTE_Components.h	17;"	d
CPU	JLinkSettings.ini	9;"	s
CacheExcludeAddr	JLinkSettings.ini	19;"	k	section:FLASH
CacheExcludeSize	JLinkSettings.ini	18;"	k	section:FLASH
Call chain for Maximum Stack Depth:	rm_main/rm_main.htm	9;"	j
Collection of Component Files used:	rm_main/rm_main.build_log.htm	141;"	i
Collection of Component include folders:	rm_main/rm_main.build_log.htm	136;"	i
DCMI_IRQHandler	startup_stm32f407xx.s	400;"	l
DMA1_Stream0_IRQHandler	startup_stm32f407xx.s	333;"	l
DMA1_Stream1_IRQHandler	startup_stm32f407xx.s	334;"	l
DMA1_Stream2_IRQHandler	startup_stm32f407xx.s	335;"	l
DMA1_Stream3_IRQHandler	startup_stm32f407xx.s	336;"	l
DMA1_Stream4_IRQHandler	startup_stm32f407xx.s	337;"	l
DMA1_Stream5_IRQHandler	startup_stm32f407xx.s	338;"	l
DMA1_Stream6_IRQHandler	startup_stm32f407xx.s	339;"	l
DMA1_Stream7_IRQHandler	startup_stm32f407xx.s	369;"	l
DMA2_Stream0_IRQHandler	startup_stm32f407xx.s	378;"	l
DMA2_Stream1_IRQHandler	startup_stm32f407xx.s	379;"	l
DMA2_Stream2_IRQHandler	startup_stm32f407xx.s	380;"	l
DMA2_Stream3_IRQHandler	startup_stm32f407xx.s	381;"	l
DMA2_Stream4_IRQHandler	startup_stm32f407xx.s	382;"	l
DMA2_Stream5_IRQHandler	startup_stm32f407xx.s	390;"	l
DMA2_Stream6_IRQHandler	startup_stm32f407xx.s	391;"	l
DMA2_Stream7_IRQHandler	startup_stm32f407xx.s	392;"	l
DebugMon_Handler	startup_stm32f407xx.s	225;"	l
Default_Handler	startup_stm32f407xx.s	238;"	l
Device	JLinkSettings.ini	26;"	k	section:FLASH
ETH_IRQHandler	startup_stm32f407xx.s	383;"	l
ETH_WKUP_IRQHandler	startup_stm32f407xx.s	384;"	l
EXTI0_IRQHandler	startup_stm32f407xx.s	328;"	l
EXTI15_10_IRQHandler	startup_stm32f407xx.s	362;"	l
EXTI1_IRQHandler	startup_stm32f407xx.s	329;"	l
EXTI2_IRQHandler	startup_stm32f407xx.s	330;"	l
EXTI3_IRQHandler	startup_stm32f407xx.s	331;"	l
EXTI4_IRQHandler	startup_stm32f407xx.s	332;"	l
EXTI9_5_IRQHandler	startup_stm32f407xx.s	345;"	l
EnableFlashBP	JLinkSettings.ini	4;"	k	section:BREAKPOINTS
EnableFlashDL	JLinkSettings.ini	24;"	k	section:FLASH
FLASH	JLinkSettings.ini	17;"	s
FLASH_IRQHandler	startup_stm32f407xx.s	326;"	l
FMC_IRQHandler	startup_stm32f407xx.s	370;"	l
FPU_IRQHandler	startup_stm32f407xx.s	402;"	l
ForceImpTypeAny	JLinkSettings.ini	2;"	k	section:BREAKPOINTS
Function Pointers	rm_main/rm_main.htm	22;"	j
GENERAL	JLinkSettings.ini	27;"	s
Global Symbols	rm_main/rm_main.htm	175;"	j
HASH_RNG_IRQHandler	startup_stm32f407xx.s	401;"	l
HardFault_Handler	startup_stm32f407xx.s	201;"	l
Heap_Mem	startup_stm32f407xx.s	61;"	l
Heap_Size	startup_stm32f407xx.s	57;"	d
I2C1_ER_IRQHandler	startup_stm32f407xx.s	354;"	l
I2C1_EV_IRQHandler	startup_stm32f407xx.s	353;"	l
I2C2_ER_IRQHandler	startup_stm32f407xx.s	356;"	l
I2C2_EV_IRQHandler	startup_stm32f407xx.s	355;"	l
I2C3_ER_IRQHandler	startup_stm32f407xx.s	395;"	l
I2C3_EV_IRQHandler	startup_stm32f407xx.s	394;"	l
Local Symbols	rm_main/rm_main.htm	3899;"	j
LowPowerHandlingMode	JLinkSettings.ini	13;"	k	section:CPU
MEM	JLinkSettings.ini	33;"	s
MaxNumAPs	JLinkSettings.ini	12;"	k	section:CPU
Maximum Stack Usage = 576 bytes + Unknown(Cycles, Untraceable Function Pointers)	rm_main/rm_main.htm	8;"	j
MemManage_Handler	startup_stm32f407xx.s	206;"	l
MinNumBytesFlashDL	JLinkSettings.ini	20;"	k	section:FLASH
MonModeDebug	JLinkSettings.ini	11;"	k	section:CPU
MonModeVTableAddr	JLinkSettings.ini	10;"	k	section:CPU
Mutually Recursive functions	rm_main/rm_main.htm	14;"	j
NMI_Handler	startup_stm32f407xx.s	196;"	l
OTG_FS_IRQHandler	startup_stm32f407xx.s	389;"	l
OTG_FS_WKUP_IRQHandler	startup_stm32f407xx.s	364;"	l
OTG_HS_EP1_IN_IRQHandler	startup_stm32f407xx.s	397;"	l
OTG_HS_EP1_OUT_IRQHandler	startup_stm32f407xx.s	396;"	l
OTG_HS_IRQHandler	startup_stm32f407xx.s	399;"	l
OTG_HS_WKUP_IRQHandler	startup_stm32f407xx.s	398;"	l
Output:	rm_main/rm_main.build_log.htm	27;"	i
Override	JLinkSettings.ini	25;"	k	section:FLASH
OverrideMemMap	JLinkSettings.ini	14;"	k	section:CPU
PVD_IRQHandler	startup_stm32f407xx.s	323;"	l
PendSV_Handler	startup_stm32f407xx.s	229;"	l
Project:	rm_main/rm_main.build_log.htm	23;"	i
RAMUsageLimit	JLinkSettings.ini	30;"	k	section:GENERAL
RCC_IRQHandler	startup_stm32f407xx.s	327;"	l
RTC_Alarm_IRQHandler	startup_stm32f407xx.s	363;"	l
RTC_WKUP_IRQHandler	startup_stm32f407xx.s	325;"	l
RTE_COMPONENTS_H	RTE/_rm_main/RTE_Components.h	11;"	d
RdOverrideAddr	JLinkSettings.ini	36;"	k	section:MEM
RdOverrideAndMask	JLinkSettings.ini	35;"	k	section:MEM
RdOverrideOrMask	JLinkSettings.ini	34;"	k	section:MEM
Reset_Handler	startup_stm32f407xx.s	183;"	l
SDIO_IRQHandler	startup_stm32f407xx.s	371;"	l
SPI1_IRQHandler	startup_stm32f407xx.s	357;"	l
SPI2_IRQHandler	startup_stm32f407xx.s	358;"	l
SPI3_IRQHandler	startup_stm32f407xx.s	373;"	l
SVC_Handler	startup_stm32f407xx.s	220;"	l
SWO	JLinkSettings.ini	31;"	s
SWOLogFile	JLinkSettings.ini	32;"	k	section:SWO
ScriptFile	JLinkSettings.ini	16;"	k	section:CPU
ShowInfoWin	JLinkSettings.ini	3;"	k	section:BREAKPOINTS
SkipProgOnCRCMatch	JLinkSettings.ini	21;"	k	section:FLASH
Software Packages used:	rm_main/rm_main.build_log.htm	123;"	i
Stack_Mem	startup_stm32f407xx.s	49;"	l
Stack_Size	startup_stm32f407xx.s	46;"	d
Static Call Graph - [.\\rm_main\\rm_main.axf]	rm_main/rm_main.htm	3;"	j
Static Call Graph for image .\\rm_main\\rm_main.axf	rm_main/rm_main.htm	5;"	h
SysTick_Handler	startup_stm32f407xx.s	233;"	l
TAMP_STAMP_IRQHandler	startup_stm32f407xx.s	324;"	l
TIM1_BRK_TIM9_IRQHandler	startup_stm32f407xx.s	346;"	l
TIM1_CC_IRQHandler	startup_stm32f407xx.s	349;"	l
TIM1_TRG_COM_TIM11_IRQHandler	startup_stm32f407xx.s	348;"	l
TIM1_UP_TIM10_IRQHandler	startup_stm32f407xx.s	347;"	l
TIM2_IRQHandler	startup_stm32f407xx.s	350;"	l
TIM3_IRQHandler	startup_stm32f407xx.s	351;"	l
TIM4_IRQHandler	startup_stm32f407xx.s	352;"	l
TIM5_IRQHandler	startup_stm32f407xx.s	372;"	l
TIM6_DAC_IRQHandler	startup_stm32f407xx.s	376;"	l
TIM7_IRQHandler	startup_stm32f407xx.s	377;"	l
TIM8_BRK_TIM12_IRQHandler	startup_stm32f407xx.s	365;"	l
TIM8_CC_IRQHandler	startup_stm32f407xx.s	368;"	l
TIM8_TRG_COM_TIM14_IRQHandler	startup_stm32f407xx.s	367;"	l
TIM8_UP_TIM13_IRQHandler	startup_stm32f407xx.s	366;"	l
Tool Versions:	rm_main/rm_main.build_log.htm	5;"	i
UART4_IRQHandler	startup_stm32f407xx.s	374;"	l
UART5_IRQHandler	startup_stm32f407xx.s	375;"	l
USART1_IRQHandler	startup_stm32f407xx.s	359;"	l
USART2_IRQHandler	startup_stm32f407xx.s	360;"	l
USART3_IRQHandler	startup_stm32f407xx.s	361;"	l
USART6_IRQHandler	startup_stm32f407xx.s	393;"	l
UsageFault_Handler	startup_stm32f407xx.s	216;"	l
VerifyDownload	JLinkSettings.ini	22;"	k	section:FLASH
WWDG_IRQHandler	startup_stm32f407xx.s	322;"	l
WorkRAMAddr	JLinkSettings.ini	29;"	k	section:GENERAL
WorkRAMSize	JLinkSettings.ini	28;"	k	section:GENERAL
WrOverrideAddr	JLinkSettings.ini	39;"	k	section:MEM
WrOverrideAndMask	JLinkSettings.ini	38;"	k	section:MEM
WrOverrideOrMask	JLinkSettings.ini	37;"	k	section:MEM
[100]	rm_main/rm_main.htm	2411;"	a
[101]	rm_main/rm_main.htm	1189;"	a
[102]	rm_main/rm_main.htm	2453;"	a
[103]	rm_main/rm_main.htm	1201;"	a
[104]	rm_main/rm_main.htm	2393;"	a
[105]	rm_main/rm_main.htm	1209;"	a
[106]	rm_main/rm_main.htm	2461;"	a
[107]	rm_main/rm_main.htm	2439;"	a
[108]	rm_main/rm_main.htm	1218;"	a
[109]	rm_main/rm_main.htm	2457;"	a
[10]	rm_main/rm_main.htm	4630;"	a
[10a]	rm_main/rm_main.htm	2446;"	a
[10b]	rm_main/rm_main.htm	1227;"	a
[10c]	rm_main/rm_main.htm	1236;"	a
[10d]	rm_main/rm_main.htm	2497;"	a
[10e]	rm_main/rm_main.htm	2518;"	a
[10f]	rm_main/rm_main.htm	2522;"	a
[110]	rm_main/rm_main.htm	2506;"	a
[111]	rm_main/rm_main.htm	2514;"	a
[112]	rm_main/rm_main.htm	4161;"	a
[113]	rm_main/rm_main.htm	4152;"	a
[114]	rm_main/rm_main.htm	1278;"	a
[115]	rm_main/rm_main.htm	2502;"	a
[116]	rm_main/rm_main.htm	2510;"	a
[117]	rm_main/rm_main.htm	2486;"	a
[118]	rm_main/rm_main.htm	1270;"	a
[119]	rm_main/rm_main.htm	4170;"	a
[11]	rm_main/rm_main.htm	4608;"	a
[11a]	rm_main/rm_main.htm	1320;"	a
[11b]	rm_main/rm_main.htm	1361;"	a
[11c]	rm_main/rm_main.htm	1127;"	a
[11d]	rm_main/rm_main.htm	2399;"	a
[11e]	rm_main/rm_main.htm	2493;"	a
[11f]	rm_main/rm_main.htm	1383;"	a
[120]	rm_main/rm_main.htm	2556;"	a
[121]	rm_main/rm_main.htm	1310;"	a
[122]	rm_main/rm_main.htm	1328;"	a
[123]	rm_main/rm_main.htm	2203;"	a
[124]	rm_main/rm_main.htm	2209;"	a
[125]	rm_main/rm_main.htm	1286;"	a
[126]	rm_main/rm_main.htm	1299;"	a
[127]	rm_main/rm_main.htm	2435;"	a
[128]	rm_main/rm_main.htm	2403;"	a
[129]	rm_main/rm_main.htm	2539;"	a
[12]	rm_main/rm_main.htm	4615;"	a
[12a]	rm_main/rm_main.htm	2425;"	a
[12b]	rm_main/rm_main.htm	2421;"	a
[12c]	rm_main/rm_main.htm	792;"	a
[12d]	rm_main/rm_main.htm	2257;"	a
[12e]	rm_main/rm_main.htm	2239;"	a
[12f]	rm_main/rm_main.htm	2247;"	a
[130]	rm_main/rm_main.htm	2251;"	a
[131]	rm_main/rm_main.htm	1336;"	a
[132]	rm_main/rm_main.htm	2548;"	a
[133]	rm_main/rm_main.htm	1344;"	a
[134]	rm_main/rm_main.htm	2270;"	a
[135]	rm_main/rm_main.htm	1352;"	a
[136]	rm_main/rm_main.htm	2476;"	a
[137]	rm_main/rm_main.htm	2417;"	a
[138]	rm_main/rm_main.htm	2303;"	a
[139]	rm_main/rm_main.htm	1369;"	a
[13]	rm_main/rm_main.htm	4642;"	a
[13a]	rm_main/rm_main.htm	1406;"	a
[13b]	rm_main/rm_main.htm	1389;"	a
[13c]	rm_main/rm_main.htm	1414;"	a
[13d]	rm_main/rm_main.htm	1448;"	a
[13e]	rm_main/rm_main.htm	1826;"	a
[13f]	rm_main/rm_main.htm	1463;"	a
[140]	rm_main/rm_main.htm	1832;"	a
[141]	rm_main/rm_main.htm	4206;"	a
[142]	rm_main/rm_main.htm	4202;"	a
[143]	rm_main/rm_main.htm	4210;"	a
[144]	rm_main/rm_main.htm	1479;"	a
[145]	rm_main/rm_main.htm	1475;"	a
[146]	rm_main/rm_main.htm	1495;"	a
[147]	rm_main/rm_main.htm	1499;"	a
[148]	rm_main/rm_main.htm	1503;"	a
[149]	rm_main/rm_main.htm	1422;"	a
[14]	rm_main/rm_main.htm	4635;"	a
[14a]	rm_main/rm_main.htm	1511;"	a
[14b]	rm_main/rm_main.htm	1426;"	a
[14c]	rm_main/rm_main.htm	1066;"	a
[14d]	rm_main/rm_main.htm	1526;"	a
[14e]	rm_main/rm_main.htm	4267;"	a
[14f]	rm_main/rm_main.htm	4244;"	a
[150]	rm_main/rm_main.htm	992;"	a
[151]	rm_main/rm_main.htm	1520;"	a
[152]	rm_main/rm_main.htm	1515;"	a
[153]	rm_main/rm_main.htm	4286;"	a
[154]	rm_main/rm_main.htm	4252;"	a
[155]	rm_main/rm_main.htm	1543;"	a
[156]	rm_main/rm_main.htm	1555;"	a
[157]	rm_main/rm_main.htm	4276;"	a
[158]	rm_main/rm_main.htm	1572;"	a
[159]	rm_main/rm_main.htm	1596;"	a
[15]	rm_main/rm_main.htm	4649;"	a
[15a]	rm_main/rm_main.htm	1612;"	a
[15b]	rm_main/rm_main.htm	1621;"	a
[15c]	rm_main/rm_main.htm	1630;"	a
[15d]	rm_main/rm_main.htm	1639;"	a
[15e]	rm_main/rm_main.htm	1648;"	a
[15f]	rm_main/rm_main.htm	3419;"	a
[160]	rm_main/rm_main.htm	425;"	a
[161]	rm_main/rm_main.htm	3125;"	a
[162]	rm_main/rm_main.htm	3662;"	a
[163]	rm_main/rm_main.htm	3442;"	a
[164]	rm_main/rm_main.htm	1660;"	a
[165]	rm_main/rm_main.htm	1048;"	a
[166]	rm_main/rm_main.htm	1430;"	a
[167]	rm_main/rm_main.htm	1681;"	a
[168]	rm_main/rm_main.htm	1692;"	a
[169]	rm_main/rm_main.htm	1701;"	a
[16]	rm_main/rm_main.htm	1914;"	a
[16a]	rm_main/rm_main.htm	1710;"	a
[16b]	rm_main/rm_main.htm	1719;"	a
[16c]	rm_main/rm_main.htm	1728;"	a
[16d]	rm_main/rm_main.htm	2118;"	a
[16e]	rm_main/rm_main.htm	2324;"	a
[16f]	rm_main/rm_main.htm	1925;"	a
[170]	rm_main/rm_main.htm	2338;"	a
[171]	rm_main/rm_main.htm	2560;"	a
[172]	rm_main/rm_main.htm	3053;"	a
[173]	rm_main/rm_main.htm	3813;"	a
[174]	rm_main/rm_main.htm	1791;"	a
[175]	rm_main/rm_main.htm	1840;"	a
[176]	rm_main/rm_main.htm	3160;"	a
[177]	rm_main/rm_main.htm	3086;"	a
[178]	rm_main/rm_main.htm	4116;"	a
[179]	rm_main/rm_main.htm	3102;"	a
[17]	rm_main/rm_main.htm	219;"	a
[17a]	rm_main/rm_main.htm	1851;"	a
[17b]	rm_main/rm_main.htm	1753;"	a
[17c]	rm_main/rm_main.htm	3135;"	a
[17d]	rm_main/rm_main.htm	4260;"	a
[17e]	rm_main/rm_main.htm	1580;"	a
[17f]	rm_main/rm_main.htm	1585;"	a
[180]	rm_main/rm_main.htm	1568;"	a
[181]	rm_main/rm_main.htm	1866;"	a
[182]	rm_main/rm_main.htm	2905;"	a
[183]	rm_main/rm_main.htm	2565;"	a
[184]	rm_main/rm_main.htm	1896;"	a
[185]	rm_main/rm_main.htm	1906;"	a
[186]	rm_main/rm_main.htm	2307;"	a
[187]	rm_main/rm_main.htm	2178;"	a
[188]	rm_main/rm_main.htm	2135;"	a
[189]	rm_main/rm_main.htm	2385;"	a
[18]	rm_main/rm_main.htm	1743;"	a
[18a]	rm_main/rm_main.htm	2082;"	a
[18b]	rm_main/rm_main.htm	2389;"	a
[18c]	rm_main/rm_main.htm	2215;"	a
[18d]	rm_main/rm_main.htm	2225;"	a
[18e]	rm_main/rm_main.htm	1980;"	a
[18f]	rm_main/rm_main.htm	2014;"	a
[190]	rm_main/rm_main.htm	1998;"	a
[191]	rm_main/rm_main.htm	4537;"	a
[192]	rm_main/rm_main.htm	2026;"	a
[193]	rm_main/rm_main.htm	1964;"	a
[194]	rm_main/rm_main.htm	1972;"	a
[195]	rm_main/rm_main.htm	2282;"	a
[196]	rm_main/rm_main.htm	2006;"	a
[197]	rm_main/rm_main.htm	2096;"	a
[198]	rm_main/rm_main.htm	4546;"	a
[199]	rm_main/rm_main.htm	4555;"	a
[19]	rm_main/rm_main.htm	1589;"	a
[19a]	rm_main/rm_main.htm	2092;"	a
[19b]	rm_main/rm_main.htm	4569;"	a
[19c]	rm_main/rm_main.htm	4565;"	a
[19d]	rm_main/rm_main.htm	2186;"	a
[19e]	rm_main/rm_main.htm	2126;"	a
[19f]	rm_main/rm_main.htm	2107;"	a
[1]	rm_main/rm_main.htm	2048;"	a
[1a0]	rm_main/rm_main.htm	1953;"	a
[1a1]	rm_main/rm_main.htm	2330;"	a
[1a2]	rm_main/rm_main.htm	1959;"	a
[1a3]	rm_main/rm_main.htm	1197;"	a
[1a4]	rm_main/rm_main.htm	1131;"	a
[1a5]	rm_main/rm_main.htm	1135;"	a
[1a6]	rm_main/rm_main.htm	2261;"	a
[1a7]	rm_main/rm_main.htm	2320;"	a
[1a8]	rm_main/rm_main.htm	2346;"	a
[1a9]	rm_main/rm_main.htm	2375;"	a
[1a]	rm_main/rm_main.htm	1740;"	a
[1aa]	rm_main/rm_main.htm	2361;"	a
[1ab]	rm_main/rm_main.htm	2294;"	a
[1ac]	rm_main/rm_main.htm	4578;"	a
[1ad]	rm_main/rm_main.htm	4588;"	a
[1ae]	rm_main/rm_main.htm	1947;"	a
[1af]	rm_main/rm_main.htm	2334;"	a
[1b0]	rm_main/rm_main.htm	4599;"	a
[1b1]	rm_main/rm_main.htm	2197;"	a
[1b2]	rm_main/rm_main.htm	4178;"	a
[1b3]	rm_main/rm_main.htm	2552;"	a
[1b4]	rm_main/rm_main.htm	2480;"	a
[1b5]	rm_main/rm_main.htm	2528;"	a
[1b6]	rm_main/rm_main.htm	4124;"	a
[1b7]	rm_main/rm_main.htm	2910;"	a
[1b8]	rm_main/rm_main.htm	2582;"	a
[1b9]	rm_main/rm_main.htm	4128;"	a
[1b]	rm_main/rm_main.htm	664;"	a
[1ba]	rm_main/rm_main.htm	2714;"	a
[1bb]	rm_main/rm_main.htm	2691;"	a
[1bc]	rm_main/rm_main.htm	2682;"	a
[1bd]	rm_main/rm_main.htm	2628;"	a
[1be]	rm_main/rm_main.htm	2667;"	a
[1bf]	rm_main/rm_main.htm	2644;"	a
[1c0]	rm_main/rm_main.htm	2880;"	a
[1c1]	rm_main/rm_main.htm	2657;"	a
[1c2]	rm_main/rm_main.htm	2594;"	a
[1c3]	rm_main/rm_main.htm	2700;"	a
[1c4]	rm_main/rm_main.htm	2723;"	a
[1c5]	rm_main/rm_main.htm	2934;"	a
[1c6]	rm_main/rm_main.htm	2732;"	a
[1c7]	rm_main/rm_main.htm	2941;"	a
[1c8]	rm_main/rm_main.htm	841;"	a
[1c9]	rm_main/rm_main.htm	817;"	a
[1c]	rm_main/rm_main.htm	2591;"	a
[1ca]	rm_main/rm_main.htm	2749;"	a
[1cb]	rm_main/rm_main.htm	2758;"	a
[1cc]	rm_main/rm_main.htm	2767;"	a
[1cd]	rm_main/rm_main.htm	827;"	a
[1ce]	rm_main/rm_main.htm	813;"	a
[1cf]	rm_main/rm_main.htm	3115;"	a
[1d0]	rm_main/rm_main.htm	3211;"	a
[1d1]	rm_main/rm_main.htm	3201;"	a
[1d2]	rm_main/rm_main.htm	2792;"	a
[1d3]	rm_main/rm_main.htm	4011;"	a
[1d4]	rm_main/rm_main.htm	4007;"	a
[1d5]	rm_main/rm_main.htm	3065;"	a
[1d6]	rm_main/rm_main.htm	2825;"	a
[1d7]	rm_main/rm_main.htm	410;"	a
[1d8]	rm_main/rm_main.htm	2842;"	a
[1d9]	rm_main/rm_main.htm	2886;"	a
[1d]	rm_main/rm_main.htm	199;"	a
[1da]	rm_main/rm_main.htm	3603;"	a
[1db]	rm_main/rm_main.htm	3594;"	a
[1dc]	rm_main/rm_main.htm	2921;"	a
[1dd]	rm_main/rm_main.htm	2854;"	a
[1de]	rm_main/rm_main.htm	4140;"	a
[1df]	rm_main/rm_main.htm	4146;"	a
[1e0]	rm_main/rm_main.htm	2895;"	a
[1e1]	rm_main/rm_main.htm	2925;"	a
[1e2]	rm_main/rm_main.htm	3189;"	a
[1e3]	rm_main/rm_main.htm	2954;"	a
[1e4]	rm_main/rm_main.htm	4042;"	a
[1e5]	rm_main/rm_main.htm	2819;"	a
[1e6]	rm_main/rm_main.htm	4038;"	a
[1e7]	rm_main/rm_main.htm	4034;"	a
[1e8]	rm_main/rm_main.htm	2987;"	a
[1e9]	rm_main/rm_main.htm	3000;"	a
[1e]	rm_main/rm_main.htm	789;"	a
[1ea]	rm_main/rm_main.htm	3328;"	a
[1eb]	rm_main/rm_main.htm	3078;"	a
[1ec]	rm_main/rm_main.htm	3954;"	a
[1ed]	rm_main/rm_main.htm	3946;"	a
[1ee]	rm_main/rm_main.htm	3950;"	a
[1ef]	rm_main/rm_main.htm	3942;"	a
[1f0]	rm_main/rm_main.htm	3506;"	a
[1f1]	rm_main/rm_main.htm	3516;"	a
[1f2]	rm_main/rm_main.htm	3568;"	a
[1f3]	rm_main/rm_main.htm	4513;"	a
[1f4]	rm_main/rm_main.htm	3805;"	a
[1f5]	rm_main/rm_main.htm	3800;"	a
[1f6]	rm_main/rm_main.htm	3784;"	a
[1f7]	rm_main/rm_main.htm	3773;"	a
[1f8]	rm_main/rm_main.htm	3824;"	a
[1f9]	rm_main/rm_main.htm	4519;"	a
[1f]	rm_main/rm_main.htm	210;"	a
[1fa]	rm_main/rm_main.htm	3762;"	a
[1fb]	rm_main/rm_main.htm	3751;"	a
[1fc]	rm_main/rm_main.htm	2719;"	a
[1fd]	rm_main/rm_main.htm	4346;"	a
[1fe]	rm_main/rm_main.htm	3364;"	a
[1ff]	rm_main/rm_main.htm	3406;"	a
[200]	rm_main/rm_main.htm	3397;"	a
[201]	rm_main/rm_main.htm	4360;"	a
[202]	rm_main/rm_main.htm	4410;"	a
[203]	rm_main/rm_main.htm	4424;"	a
[204]	rm_main/rm_main.htm	3387;"	a
[205]	rm_main/rm_main.htm	3671;"	a
[206]	rm_main/rm_main.htm	3491;"	a
[207]	rm_main/rm_main.htm	4372;"	a
[208]	rm_main/rm_main.htm	4383;"	a
[209]	rm_main/rm_main.htm	4290;"	a
[20]	rm_main/rm_main.htm	1784;"	a
[20a]	rm_main/rm_main.htm	4296;"	a
[20b]	rm_main/rm_main.htm	3834;"	a
[20c]	rm_main/rm_main.htm	3465;"	a
[20d]	rm_main/rm_main.htm	4306;"	a
[20e]	rm_main/rm_main.htm	3679;"	a
[20f]	rm_main/rm_main.htm	4399;"	a
[210]	rm_main/rm_main.htm	3393;"	a
[211]	rm_main/rm_main.htm	3156;"	a
[212]	rm_main/rm_main.htm	4440;"	a
[213]	rm_main/rm_main.htm	4315;"	a
[214]	rm_main/rm_main.htm	4324;"	a
[215]	rm_main/rm_main.htm	4449;"	a
[216]	rm_main/rm_main.htm	3885;"	a
[217]	rm_main/rm_main.htm	4459;"	a
[218]	rm_main/rm_main.htm	3720;"	a
[219]	rm_main/rm_main.htm	4484;"	a
[21]	rm_main/rm_main.htm	397;"	a
[21a]	rm_main/rm_main.htm	4472;"	a
[21b]	rm_main/rm_main.htm	3580;"	a
[21c]	rm_main/rm_main.htm	3856;"	a
[21d]	rm_main/rm_main.htm	3495;"	a
[21e]	rm_main/rm_main.htm	4494;"	a
[21f]	rm_main/rm_main.htm	4436;"	a
[220]	rm_main/rm_main.htm	4333;"	a
[221]	rm_main/rm_main.htm	3843;"	a
[222]	rm_main/rm_main.htm	3545;"	a
[223]	rm_main/rm_main.htm	3144;"	a
[224]	rm_main/rm_main.htm	4523;"	a
[225]	rm_main/rm_main.htm	4527;"	a
[226]	rm_main/rm_main.htm	3164;"	a
[227]	rm_main/rm_main.htm	3172;"	a
[228]	rm_main/rm_main.htm	3690;"	a
[229]	rm_main/rm_main.htm	3221;"	a
[22]	rm_main/rm_main.htm	331;"	a
[22a]	rm_main/rm_main.htm	4056;"	a
[22b]	rm_main/rm_main.htm	4052;"	a
[22c]	rm_main/rm_main.htm	809;"	a
[22d]	rm_main/rm_main.htm	1761;"	a
[22e]	rm_main/rm_main.htm	3642;"	a
[22f]	rm_main/rm_main.htm	3339;"	a
[230]	rm_main/rm_main.htm	3526;"	a
[231]	rm_main/rm_main.htm	3279;"	a
[232]	rm_main/rm_main.htm	3287;"	a
[233]	rm_main/rm_main.htm	3309;"	a
[234]	rm_main/rm_main.htm	3297;"	a
[235]	rm_main/rm_main.htm	3301;"	a
[236]	rm_main/rm_main.htm	3319;"	a
[237]	rm_main/rm_main.htm	3481;"	a
[238]	rm_main/rm_main.htm	215;"	a
[239]	rm_main/rm_main.htm	3559;"	a
[23]	rm_main/rm_main.htm	355;"	a
[23a]	rm_main/rm_main.htm	4418;"	a
[23b]	rm_main/rm_main.htm	3549;"	a
[23c]	rm_main/rm_main.htm	3379;"	a
[23d]	rm_main/rm_main.htm	3875;"	a
[23e]	rm_main/rm_main.htm	3652;"	a
[23f]	rm_main/rm_main.htm	4065;"	a
[240]	rm_main/rm_main.htm	4073;"	a
[241]	rm_main/rm_main.htm	4097;"	a
[242]	rm_main/rm_main.htm	4112;"	a
[243]	rm_main/rm_main.htm	1604;"	a
[244]	rm_main/rm_main.htm	4089;"	a
[245]	rm_main/rm_main.htm	1608;"	a
[246]	rm_main/rm_main.htm	1592;"	a
[247]	rm_main/rm_main.htm	4083;"	a
[248]	rm_main/rm_main.htm	3197;"	a
[249]	rm_main/rm_main.htm	3477;"	a
[24]	rm_main/rm_main.htm	340;"	a
[24a]	rm_main/rm_main.htm	206;"	a
[24b]	rm_main/rm_main.htm	202;"	a
[24c]	rm_main/rm_main.htm	3794;"	a
[24d]	rm_main/rm_main.htm	3539;"	a
[24e]	rm_main/rm_main.htm	3740;"	a
[24f]	rm_main/rm_main.htm	3710;"	a
[250]	rm_main/rm_main.htm	3383;"	a
[251]	rm_main/rm_main.htm	179;"	a
[252]	rm_main/rm_main.htm	189;"	a
[253]	rm_main/rm_main.htm	191;"	a
[254]	rm_main/rm_main.htm	193;"	a
[255]	rm_main/rm_main.htm	195;"	a
[256]	rm_main/rm_main.htm	197;"	a
[257]	rm_main/rm_main.htm	429;"	a
[258]	rm_main/rm_main.htm	437;"	a
[259]	rm_main/rm_main.htm	439;"	a
[25]	rm_main/rm_main.htm	286;"	a
[25a]	rm_main/rm_main.htm	467;"	a
[25b]	rm_main/rm_main.htm	586;"	a
[25c]	rm_main/rm_main.htm	594;"	a
[25d]	rm_main/rm_main.htm	600;"	a
[25e]	rm_main/rm_main.htm	602;"	a
[25f]	rm_main/rm_main.htm	649;"	a
[260]	rm_main/rm_main.htm	660;"	a
[261]	rm_main/rm_main.htm	662;"	a
[262]	rm_main/rm_main.htm	2708;"	a
[263]	rm_main/rm_main.htm	2710;"	a
[264]	rm_main/rm_main.htm	2712;"	a
[26]	rm_main/rm_main.htm	334;"	a
[27]	rm_main/rm_main.htm	265;"	a
[28]	rm_main/rm_main.htm	271;"	a
[29]	rm_main/rm_main.htm	274;"	a
[2]	rm_main/rm_main.htm	2058;"	a
[2a]	rm_main/rm_main.htm	277;"	a
[2b]	rm_main/rm_main.htm	280;"	a
[2c]	rm_main/rm_main.htm	740;"	a
[2d]	rm_main/rm_main.htm	747;"	a
[2e]	rm_main/rm_main.htm	232;"	a
[2f]	rm_main/rm_main.htm	754;"	a
[30]	rm_main/rm_main.htm	235;"	a
[31]	rm_main/rm_main.htm	761;"	a
[32]	rm_main/rm_main.htm	768;"	a
[33]	rm_main/rm_main.htm	222;"	a
[34]	rm_main/rm_main.htm	688;"	a
[35]	rm_main/rm_main.htm	667;"	a
[36]	rm_main/rm_main.htm	674;"	a
[37]	rm_main/rm_main.htm	681;"	a
[38]	rm_main/rm_main.htm	283;"	a
[39]	rm_main/rm_main.htm	358;"	a
[3]	rm_main/rm_main.htm	2061;"	a
[3a]	rm_main/rm_main.htm	1805;"	a
[3b]	rm_main/rm_main.htm	364;"	a
[3c]	rm_main/rm_main.htm	361;"	a
[3d]	rm_main/rm_main.htm	367;"	a
[3e]	rm_main/rm_main.htm	1812;"	a
[3f]	rm_main/rm_main.htm	370;"	a
[40]	rm_main/rm_main.htm	301;"	a
[41]	rm_main/rm_main.htm	298;"	a
[42]	rm_main/rm_main.htm	307;"	a
[43]	rm_main/rm_main.htm	304;"	a
[44]	rm_main/rm_main.htm	346;"	a
[45]	rm_main/rm_main.htm	349;"	a
[46]	rm_main/rm_main.htm	1874;"	a
[47]	rm_main/rm_main.htm	1881;"	a
[48]	rm_main/rm_main.htm	1889;"	a
[49]	rm_main/rm_main.htm	268;"	a
[4]	rm_main/rm_main.htm	2068;"	a
[4a]	rm_main/rm_main.htm	337;"	a
[4b]	rm_main/rm_main.htm	316;"	a
[4c]	rm_main/rm_main.htm	379;"	a
[4d]	rm_main/rm_main.htm	388;"	a
[4e]	rm_main/rm_main.htm	385;"	a
[4f]	rm_main/rm_main.htm	382;"	a
[50]	rm_main/rm_main.htm	775;"	a
[51]	rm_main/rm_main.htm	289;"	a
[52]	rm_main/rm_main.htm	343;"	a
[53]	rm_main/rm_main.htm	1819;"	a
[54]	rm_main/rm_main.htm	352;"	a
[55]	rm_main/rm_main.htm	391;"	a
[56]	rm_main/rm_main.htm	1859;"	a
[57]	rm_main/rm_main.htm	373;"	a
[58]	rm_main/rm_main.htm	376;"	a
[59]	rm_main/rm_main.htm	238;"	a
[5]	rm_main/rm_main.htm	2075;"	a
[5a]	rm_main/rm_main.htm	241;"	a
[5b]	rm_main/rm_main.htm	782;"	a
[5c]	rm_main/rm_main.htm	244;"	a
[5d]	rm_main/rm_main.htm	247;"	a
[5e]	rm_main/rm_main.htm	259;"	a
[5f]	rm_main/rm_main.htm	262;"	a
[60]	rm_main/rm_main.htm	716;"	a
[61]	rm_main/rm_main.htm	695;"	a
[62]	rm_main/rm_main.htm	702;"	a
[63]	rm_main/rm_main.htm	709;"	a
[64]	rm_main/rm_main.htm	1746;"	a
[65]	rm_main/rm_main.htm	250;"	a
[66]	rm_main/rm_main.htm	253;"	a
[67]	rm_main/rm_main.htm	256;"	a
[68]	rm_main/rm_main.htm	394;"	a
[69]	rm_main/rm_main.htm	313;"	a
[6]	rm_main/rm_main.htm	2041;"	a
[6a]	rm_main/rm_main.htm	310;"	a
[6b]	rm_main/rm_main.htm	322;"	a
[6c]	rm_main/rm_main.htm	319;"	a
[6d]	rm_main/rm_main.htm	328;"	a
[6e]	rm_main/rm_main.htm	325;"	a
[6f]	rm_main/rm_main.htm	229;"	a
[70]	rm_main/rm_main.htm	295;"	a
[71]	rm_main/rm_main.htm	292;"	a
[72]	rm_main/rm_main.htm	3013;"	a
[73]	rm_main/rm_main.htm	1802;"	a
[74]	rm_main/rm_main.htm	176;"	a
[75]	rm_main/rm_main.htm	4214;"	a
[76]	rm_main/rm_main.htm	4230;"	a
[77]	rm_main/rm_main.htm	4237;"	a
[78]	rm_main/rm_main.htm	4221;"	a
[79]	rm_main/rm_main.htm	4134;"	a
[7]	rm_main/rm_main.htm	2051;"	a
[7a]	rm_main/rm_main.htm	4137;"	a
[7b]	rm_main/rm_main.htm	2574;"	a
[7c]	rm_main/rm_main.htm	2778;"	a
[7d]	rm_main/rm_main.htm	2741;"	a
[7e]	rm_main/rm_main.htm	3984;"	a
[7f]	rm_main/rm_main.htm	3971;"	a
[80]	rm_main/rm_main.htm	3958;"	a
[81]	rm_main/rm_main.htm	4028;"	a
[82]	rm_main/rm_main.htm	4031;"	a
[83]	rm_main/rm_main.htm	4020;"	a
[84]	rm_main/rm_main.htm	4534;"	a
[85]	rm_main/rm_main.htm	4392;"	a
[86]	rm_main/rm_main.htm	4504;"	a
[87]	rm_main/rm_main.htm	1777;"	a
[88]	rm_main/rm_main.htm	3250;"	a
[89]	rm_main/rm_main.htm	2781;"	a
[8]	rm_main/rm_main.htm	3920;"	a
[8a]	rm_main/rm_main.htm	3269;"	a
[8b]	rm_main/rm_main.htm	3355;"	a
[8c]	rm_main/rm_main.htm	2833;"	a
[8d]	rm_main/rm_main.htm	3612;"	a
[8e]	rm_main/rm_main.htm	2977;"	a
[8f]	rm_main/rm_main.htm	3243;"	a
[90]	rm_main/rm_main.htm	2800;"	a
[91]	rm_main/rm_main.htm	2963;"	a
[92]	rm_main/rm_main.htm	3229;"	a
[93]	rm_main/rm_main.htm	3042;"	a
[94]	rm_main/rm_main.htm	3004;"	a
[95]	rm_main/rm_main.htm	181;"	a
[96]	rm_main/rm_main.htm	643;"	a
[97]	rm_main/rm_main.htm	3590;"	a
[98]	rm_main/rm_main.htm	400;"	a
[99]	rm_main/rm_main.htm	588;"	a
[9]	rm_main/rm_main.htm	3917;"	a
[9a]	rm_main/rm_main.htm	579;"	a
[9b]	rm_main/rm_main.htm	441;"	a
[9c]	rm_main/rm_main.htm	431;"	a
[9d]	rm_main/rm_main.htm	469;"	a
[9e]	rm_main/rm_main.htm	473;"	a
[9f]	rm_main/rm_main.htm	3034;"	a
[a0]	rm_main/rm_main.htm	481;"	a
[a1]	rm_main/rm_main.htm	596;"	a
[a2]	rm_main/rm_main.htm	622;"	a
[a3]	rm_main/rm_main.htm	614;"	a
[a4]	rm_main/rm_main.htm	497;"	a
[a5]	rm_main/rm_main.htm	509;"	a
[a6]	rm_main/rm_main.htm	519;"	a
[a7]	rm_main/rm_main.htm	533;"	a
[a8]	rm_main/rm_main.htm	541;"	a
[a9]	rm_main/rm_main.htm	608;"	a
[a]	rm_main/rm_main.htm	3914;"	a
[aa]	rm_main/rm_main.htm	549;"	a
[ab]	rm_main/rm_main.htm	557;"	a
[ac]	rm_main/rm_main.htm	570;"	a
[ad]	rm_main/rm_main.htm	604;"	a
[ae]	rm_main/rm_main.htm	635;"	a
[af]	rm_main/rm_main.htm	185;"	a
[b0]	rm_main/rm_main.htm	651;"	a
[b1]	rm_main/rm_main.htm	849;"	a
[b2]	rm_main/rm_main.htm	1934;"	a
[b3]	rm_main/rm_main.htm	1929;"	a
[b4]	rm_main/rm_main.htm	3347;"	a
[b5]	rm_main/rm_main.htm	1917;"	a
[b6]	rm_main/rm_main.htm	723;"	a
[b7]	rm_main/rm_main.htm	1939;"	a
[b8]	rm_main/rm_main.htm	2812;"	a
[b9]	rm_main/rm_main.htm	565;"	a
[b]	rm_main/rm_main.htm	3928;"	a
[ba]	rm_main/rm_main.htm	2614;"	a
[bb]	rm_main/rm_main.htm	2600;"	a
[bc]	rm_main/rm_main.htm	3991;"	a
[bd]	rm_main/rm_main.htm	1765;"	a
[be]	rm_main/rm_main.htm	3999;"	a
[bf]	rm_main/rm_main.htm	3180;"	a
[c0]	rm_main/rm_main.htm	732;"	a
[c1]	rm_main/rm_main.htm	1670;"	a
[c2]	rm_main/rm_main.htm	996;"	a
[c3]	rm_main/rm_main.htm	3900;"	a
[c4]	rm_main/rm_main.htm	3908;"	a
[c5]	rm_main/rm_main.htm	3634;"	a
[c6]	rm_main/rm_main.htm	3623;"	a
[c7]	rm_main/rm_main.htm	938;"	a
[c8]	rm_main/rm_main.htm	934;"	a
[c9]	rm_main/rm_main.htm	946;"	a
[c]	rm_main/rm_main.htm	3937;"	a
[ca]	rm_main/rm_main.htm	942;"	a
[cb]	rm_main/rm_main.htm	954;"	a
[cc]	rm_main/rm_main.htm	950;"	a
[cd]	rm_main/rm_main.htm	897;"	a
[ce]	rm_main/rm_main.htm	901;"	a
[cf]	rm_main/rm_main.htm	914;"	a
[d0]	rm_main/rm_main.htm	918;"	a
[d1]	rm_main/rm_main.htm	922;"	a
[d2]	rm_main/rm_main.htm	958;"	a
[d3]	rm_main/rm_main.htm	831;"	a
[d4]	rm_main/rm_main.htm	876;"	a
[d5]	rm_main/rm_main.htm	886;"	a
[d6]	rm_main/rm_main.htm	1054;"	a
[d7]	rm_main/rm_main.htm	449;"	a
[d8]	rm_main/rm_main.htm	1037;"	a
[d9]	rm_main/rm_main.htm	1111;"	a
[d]	rm_main/rm_main.htm	4656;"	a
[da]	rm_main/rm_main.htm	1102;"	a
[db]	rm_main/rm_main.htm	835;"	a
[dc]	rm_main/rm_main.htm	2865;"	a
[dd]	rm_main/rm_main.htm	2871;"	a
[de]	rm_main/rm_main.htm	1769;"	a
[df]	rm_main/rm_main.htm	2948;"	a
[e0]	rm_main/rm_main.htm	1836;"	a
[e1]	rm_main/rm_main.htm	926;"	a
[e2]	rm_main/rm_main.htm	962;"	a
[e3]	rm_main/rm_main.htm	970;"	a
[e4]	rm_main/rm_main.htm	976;"	a
[e5]	rm_main/rm_main.htm	4184;"	a
[e6]	rm_main/rm_main.htm	984;"	a
[e7]	rm_main/rm_main.htm	1008;"	a
[e8]	rm_main/rm_main.htm	4192;"	a
[e9]	rm_main/rm_main.htm	4188;"	a
[e]	rm_main/rm_main.htm	4622;"	a
[ea]	rm_main/rm_main.htm	1018;"	a
[eb]	rm_main/rm_main.htm	4196;"	a
[ec]	rm_main/rm_main.htm	1026;"	a
[ed]	rm_main/rm_main.htm	1070;"	a
[ee]	rm_main/rm_main.htm	1123;"	a
[ef]	rm_main/rm_main.htm	1080;"	a
[f0]	rm_main/rm_main.htm	1094;"	a
[f1]	rm_main/rm_main.htm	1379;"	a
[f2]	rm_main/rm_main.htm	1397;"	a
[f3]	rm_main/rm_main.htm	1437;"	a
[f4]	rm_main/rm_main.htm	1459;"	a
[f5]	rm_main/rm_main.htm	1141;"	a
[f6]	rm_main/rm_main.htm	2168;"	a
[f7]	rm_main/rm_main.htm	1149;"	a
[f8]	rm_main/rm_main.htm	2144;"	a
[f9]	rm_main/rm_main.htm	1157;"	a
[f]	rm_main/rm_main.htm	4666;"	a
[fa]	rm_main/rm_main.htm	2157;"	a
[fb]	rm_main/rm_main.htm	1165;"	a
[fc]	rm_main/rm_main.htm	2172;"	a
[fd]	rm_main/rm_main.htm	1173;"	a
[fe]	rm_main/rm_main.htm	2470;"	a
[ff]	rm_main/rm_main.htm	1181;"	a
__Vectors	startup_stm32f407xx.s	74;"	l
__Vectors_End	startup_stm32f407xx.s	176;"	l
__Vectors_Size	startup_stm32f407xx.s	178;"	d
__heap_base	startup_stm32f407xx.s	60;"	l
__heap_limit	startup_stm32f407xx.s	62;"	l
__initial_sp	startup_stm32f407xx.s	50;"	l
__user_initial_stackheap	startup_stm32f407xx.s	424;"	l
background-repeat	.vscode/settings.json	15;"	s
bsp_can.h	.vscode/settings.json	53;"	s
chassis_task.h	.vscode/settings.json	55;"	s
comm_task.h	.vscode/settings.json	54;"	s
configurations	.vscode/c_cpp_properties.json	2;"	a
content	.vscode/settings.json	8;"	s
defines	.vscode/c_cpp_properties.json	34;"	a	object:configurations.0
height	.vscode/settings.json	14;"	s
images	.vscode/settings.json	20;"	a
includePath	.vscode/c_cpp_properties.json	5;"	a	object:configurations.0
intelliSenseMode	.vscode/c_cpp_properties.json	112;"	s	object:configurations.0
name	.vscode/c_cpp_properties.json	4;"	s	object:configurations.0
pointer-events	.vscode/settings.json	9;"	s
position	.vscode/settings.json	10;"	s
protocol_camp.h	.vscode/settings.json	56;"	s
right	.vscode/settings.json	11;"	s
terminal.ansiBlack	.vscode/settings.json	34;"	s
terminal.ansiBlue	.vscode/settings.json	35;"	s
terminal.ansiBrightBlack	.vscode/settings.json	36;"	s
terminal.ansiBrightBlue	.vscode/settings.json	37;"	s
terminal.ansiBrightCyan	.vscode/settings.json	38;"	s
terminal.ansiBrightGreen	.vscode/settings.json	39;"	s
terminal.ansiBrightMagenta	.vscode/settings.json	40;"	s
terminal.ansiBrightRed	.vscode/settings.json	41;"	s
terminal.ansiBrightWhite	.vscode/settings.json	42;"	s
terminal.ansiBrightYellow	.vscode/settings.json	43;"	s
terminal.ansiCyan	.vscode/settings.json	44;"	s
terminal.ansiGreen	.vscode/settings.json	45;"	s
terminal.ansiMagenta	.vscode/settings.json	46;"	s
terminal.ansiRed	.vscode/settings.json	47;"	s
terminal.ansiWhite	.vscode/settings.json	48;"	s
terminal.ansiYellow	.vscode/settings.json	49;"	s
terminal.background	.vscode/settings.json	30;"	s
terminal.foreground	.vscode/settings.json	31;"	s
terminalCursor.background	.vscode/settings.json	32;"	s
terminalCursor.foreground	.vscode/settings.json	33;"	s
version	.vscode/c_cpp_properties.json	115;"	n
width	.vscode/settings.json	14;"	s
µVision Build Log	rm_main/rm_main.build_log.htm	4;"	h
